--> silent event whox
SERVER : @time=2023-11-29T18:37:08.413Z :*.freenode.net 354 hober 743 #ubuntu ~dslegends freenode-sro.7b7.lmr89i.IP dslegends Gs 0 0 :dslegends
--> silent event whox
SERVER : @time=2023-11-29T18:37:08.413Z :*.freenode.net 354 hober 743 #ubuntu ~quassel freenode-mcb.ssb.iifeug.IP Jiffy H 0 0 :Jiffy
--> silent event whox
SERVER : @time=2023-11-29T18:37:08.413Z :*.freenode.net 354 hober 743 #ubuntu ~antoine freenode-nda.1d0.9166ff.IP antoine49 Hs 0 antoine :Antoine
--> silent event whox
SERVER : @time=2023-11-29T18:37:08.413Z :*.freenode.net 354 hober 743 #ubuntu ~creat freenode-4ndth8.qgo0.hgtl.9f7ets.IP creat Hs 0 0 :Creator
--> silent event whox
SERVER : @time=2023-11-29T18:37:08.413Z :*.freenode.net 354 hober 743 #ubuntu sid422845 freenode-4uppp7.q04p.uge0.8cnpra.IP Guest41720 Hs 0 0 :Phoebus Giannopoulos
--> silent event whox
SERVER : @time=2023-11-29T18:37:08.413Z :*.freenode.net 354 hober 743 #ubuntu ~granis freenode-rpk.v4a.bd2kdn.IP Granis H 0 0 :Granis
--> silent event whox
SERVER : @time=2023-11-29T18:37:08.413Z :*.freenode.net 354 hober 743 #ubuntu ~amalek freenode/user/amalek amalek Gs 0 amalek :ZNC - https://znc.in
--> silent event whox
SERVER : @time=2023-11-29T18:37:08.413Z :*.freenode.net 354 hober 743 #ubuntu Razvan freenode-r8fdml.iopa.liha.attvua.IP [R]azvan H 0 0 :Think twice before you speak
--> silent event whox
SERVER : @time=2023-11-29T18:37:08.413Z :*.freenode.net 354 hober 743 #ubuntu ~JmaJeremy freenode-2rp.eud.mghq40.IP jmajeremy96352428099590 Hs 0 0 :Jeremy
--> silent event whox
SERVER : @time=2023-11-29T18:37:08.413Z :*.freenode.net 354 hober 743 #ubuntu ~rimd2r freenode-3r0.7ml.6o4muc.IP rimd2r H 0 0 :rimd2r
--> silent event whox
SERVER : @time=2023-11-29T18:37:08.413Z :*.freenode.net 354 hober 743 #ubuntu ~Meeee freenode-obu.d75.6g0qj4.IP Meeee H 0 0 :Meeee
--> silent event whox
SERVER : @time=2023-11-29T18:37:08.413Z :*.freenode.net 354 hober 743 #ubuntu ~ravustaja freenode-ua3.t1g.g25f67.IP ravustaja G 0 0 :Taneli S.
--> silent event whox
SERVER : @time=2023-11-29T18:37:08.413Z :*.freenode.net 354 hober 743 #ubuntu ~cooldude1 freenode-mmg.7u4.rh06mf.IP cooldude Hs 0 cooldude :Jordie
--> silent event whox
SERVER : @time=2023-11-29T18:37:08.413Z :*.freenode.net 354 hober 743 #ubuntu ~dtman34 freenode-ppv.u99.a1s4fr.IP dtman34 Gs 0 0 :ZNC - https://znc.in
--> silent event whox
SERVER : @time=2023-11-29T18:37:08.413Z :*.freenode.net 354 hober 743 #ubuntu datapacket freenode/user/Tokki Tokki Gs 0 Tokki :unknown
--> silent event whox
SERVER : @time=2023-11-29T18:37:08.413Z :*.freenode.net 354 hober 743 #ubuntu ~thelounge freenode-bh4.cra.gnn76i.IP Floggerx Hs 0 0 :fx
--> silent event whox
SERVER : @time=2023-11-29T18:37:08.413Z :*.freenode.net 354 hober 743 #ubuntu ~user freenode/user/Hackerpcs Hackerpcs Hs 0 Hackerpcs :user
--> silent event whox
SERVER : @time=2023-11-29T18:37:08.413Z :*.freenode.net 354 hober 743 #ubuntu ShaRose freenode-862.mb6.0vrcl7.IP ShaRose Hs 0 ShaRose :ShaRose
--> silent event whox
SERVER : @time=2023-11-29T18:37:08.413Z :*.freenode.net 354 hober 743 #ubuntu riddle PyLink/admin riddle H@s 0 sorcerer :riddle
--> silent event whox
SERVER : @time=2023-11-29T18:37:08.413Z :*.freenode.net 354 hober 743 #ubuntu ~dhill freenode-0nn.c68.lded13.IP dhill__ Hs 0 dhill :Dave
--> silent event whox
SERVER : @time=2023-11-29T18:37:08.413Z :*.freenode.net 354 hober 743 #ubuntu ~neniagh freenode-9s6.361.k2np4f.IP neniagh G 0 0 :neniagh
--> silent event whox
SERVER : @time=2023-11-29T18:37:08.413Z :*.freenode.net 354 hober 743 #ubuntu ~textual freenode-dom.crn.joscq6.IP Guest49 Hs 0 0 :Textual User
--> silent event whox
SERVER : @time=2023-11-29T18:37:08.413Z :*.freenode.net 354 hober 743 #ubuntu ~laerte freenode-39k.nn4.0dmaqk.IP laerte Hs 0 0 :laerte
--> silent event whox
SERVER : @time=2023-11-29T18:37:08.413Z :*.freenode.net 354 hober 743 #ubuntu ~Zesty freenode-99g.6fl.d3sghs.IP lewildZesty H 0 0 :Zesty
--> silent event whox
SERVER : @time=2023-11-29T18:37:08.413Z :*.freenode.net 354 hober 743 #ubuntu sid78195 freenode-2i9nh8.focq.uge0.8cnpra.IP Guest3514 Gs 0 0 :ThothCastel
--> silent event whox
SERVER : @time=2023-11-29T18:37:08.413Z :*.freenode.net 354 hober 743 #ubuntu ~h0h0 freenode-a99.seq.30dun0.IP Jettis H 0 0 :h0h0
--> silent event whox
SERVER : @time=2023-11-29T18:37:08.413Z :*.freenode.net 354 hober 743 #ubuntu ~hober freenode-obu.d75.6g0qj4.IP hober H 0 0 :Ibrahim Douni
--> silent event whox
SERVER : @time=2023-11-29T18:37:08.413Z :*.freenode.net 354 hober 743 #ubuntu ~thelounge freenode-e81.dr5.7um4r1.IP Guest22977 Hs 0 0 :The Lounge User
--> silent event whox
SERVER : @time=2023-11-29T18:37:08.413Z :*.freenode.net 354 hober 743 #ubuntu ~bsd freenode-und.6pu.haq4jm.IP bsd Hs 0 0 :*BSD
--> silent event whox
SERVER : @time=2023-11-29T18:37:08.413Z :*.freenode.net 354 hober 743 #ubuntu ~hippy freenode/user/hippy hippy Hs 0 hippy :hippy
--> silent event whox
SERVER : @time=2023-11-29T18:37:08.413Z :*.freenode.net 354 hober 743 #ubuntu pagios freenode-j8su3q.t3j8.lufv.fah2pm.IP pagios H 0 0 :BNC4FREE User - https://bnc4free.com/
--> silent event whox
SERVER : @time=2023-11-29T18:37:08.413Z :*.freenode.net 354 hober 743 #ubuntu ~Alatheia freenode-2ue.6ih.pu7h8v.IP Alatheia H 0 0 :Alatheia
--> silent event whox
SERVER : @time=2023-11-29T18:37:08.413Z :*.freenode.net 354 hober 743 #ubuntu ~spectrezh freenode-qto.0eb.uqhqf2.IP spectrezh12 Hs 0 0 :spectrezh
--> silent event whox
SERVER : @time=2023-11-29T18:37:08.413Z :*.freenode.net 354 hober 743 #ubuntu ~jfsimon19 freenode/user/jfsimon1981 jfsimon1981_b Hs 0 jfsimon1981 :realname
--> silent event whox
SERVER : @time=2023-11-29T18:37:08.413Z :*.freenode.net 354 hober 743 #ubuntu ~dasquishe freenode-c21.r3p.5d4bmo.IP squisher Gs 0 0 :David
--> silent event whox
SERVER : @time=2023-11-29T18:37:08.413Z :*.freenode.net 354 hober 743 #ubuntu ~from freenode-gctq7v.t6u0.vjpg.kg7ut2.IP kawaiipunk Gs 0 0 :dimension 8 * kawaiipunk
--> silent event whox
SERVER : @time=2023-11-29T18:37:08.413Z :*.freenode.net 354 hober 743 #ubuntu ~anton freenode-gebtm1.k812.3h0a.t49r18.IP antonmpeg Gs 0 0 :anton
--> silent event whox
SERVER : @time=2023-11-29T18:37:08.413Z :*.freenode.net 354 hober 743 #ubuntu ~bigjoke freenode/user/bigjoke bigjoke H 0 bigjoke :bigjoke
--> silent event whox
SERVER : @time=2023-11-29T18:37:08.413Z :*.freenode.net 354 hober 743 #ubuntu ~burrr freenode-dn2.v74.4ei5ns.IP burrr Gs 0 0 :burrr
--> silent event whox
SERVER : @time=2023-11-29T18:37:08.413Z :*.freenode.net 354 hober 743 #ubuntu ~tv freenode-pj65v5.p10o.o3g8.36s92t.IP tvw H 0 0 :Thomas Volkmar Worm
--> silent event whox
SERVER : @time=2023-11-29T18:37:08.413Z :*.freenode.net 354 hober 743 #ubuntu ~quassel joseon/user/solarsparq solarsparq Hs 0 solarsparq :solarsparq
--> silent event whox
SERVER : @time=2023-11-29T18:37:08.413Z :*.freenode.net 354 hober 743 #ubuntu ~deeno freenode-qka.162.50ra4u.IP dino82 H 0 0 :din0-freenode
--> silent event whox
SERVER : @time=2023-11-29T18:37:08.413Z :*.freenode.net 354 hober 743 #ubuntu ~ghormoon freenode-5o7.fo2.pb24v7.IP ghormoon Hs 0 ghormoon :Jiri 'Ghormoon' Novak
--> silent event whox
SERVER : @time=2023-11-29T18:37:08.413Z :*.freenode.net 354 hober 743 #ubuntu ~password_ freenode-j0ndhv.kjm2.evcp.668mb5.IP no_maam Hs 0 0 :password_tantalls
--> silent event whox
SERVER : @time=2023-11-29T18:37:08.413Z :*.freenode.net 354 hober 743 #ubuntu ~quassel freenode-a8v.vfj.dbuin9.IP granddsadsadsa Hs 0 0 :Quassel IRC User
--> silent event whox
SERVER : @time=2023-11-29T18:37:08.413Z :*.freenode.net 354 hober 743 #ubuntu ~Fire-Drag freenode-o8q.fgk.931g0i.IP Fire-Dragon-DoL Gs 0 0 :Fire-Dragon-DoL
--> silent event whox
SERVER : @time=2023-11-29T18:37:08.413Z :*.freenode.net 354 hober 743 #ubuntu ~ScottE freenode-ppa.l3q.7q34ce.IP ScottE Gs 0 0 :ScottE
--> silent event whox
SERVER : @time=2023-11-29T18:37:08.413Z :*.freenode.net 354 hober 743 #ubuntu ~Nukien2 freenode-su8.d08.ulg4h9.IP Nukien2 Gs 0 0 :Got ZNC?
--> silent event whox
SERVER : @time=2023-11-29T18:37:08.413Z :*.freenode.net 354 hober 743 #ubuntu ~riba freenode-dvb.cn8.bpq2fs.IP ribasushi Gs 0 0 :Peter Rabbitson
--> silent event whox
SERVER : @time=2023-11-29T18:37:08.413Z :*.freenode.net 354 hober 743 #ubuntu ~chewy joseon/user/Chewbakka85 Chewbakka85 Gs 0 Chewbakka85 :danny
--> silent event whox
SERVER : @time=2023-11-29T18:37:08.413Z :*.freenode.net 354 hober 743 #ubuntu ~lionel freenode-bo5.jej.tlk9v5.IP Guest208508 Hs 0 0 :Lionel Porcheron
--> silent event whox
SERVER : @time=2023-11-29T18:37:08.413Z :*.freenode.net 354 hober 743 #ubuntu ~NickG365 freenode-6dv4e8.v3sq.rtcp.qfe13k.IP NickG365 Gs 0 0 :NickG365
--> silent event whox
SERVER : @time=2023-11-29T18:37:08.413Z :*.freenode.net 354 hober 743 #ubuntu ~quassel freenode-7t2.m58.7pgr5q.IP berglh Hs 0 0 :berglh
--> silent event whox
SERVER : @time=2023-11-29T18:37:08.413Z :*.freenode.net 354 hober 743 #ubuntu ~demonspor freenode-49u.3ot.pepprj.IP demonspork Hs 0 demonspork :demonspork
--> silent event whox
SERVER : @time=2023-11-29T18:37:08.413Z :*.freenode.net 354 hober 743 #ubuntu ~nelabs freenode-s0cjbo.2i5f.dsim.7dvncl.IP `slikts H 0 0 :slikts
--> silent event whox
SERVER : @time=2023-11-29T18:37:08.413Z :*.freenode.net 354 hober 743 #ubuntu ~joako freenode-9fk.1m2.4d9q0t.IP joako Hs 0 0 :joako
--> silent event whox
SERVER : @time=2023-11-29T18:37:08.413Z :*.freenode.net 354 hober 743 #ubuntu ~Teeed freenode-p3m.lb1.r6299f.IP Teeed Hs 0 Teeed :Teeed
--> silent event whox
SERVER : @time=2023-11-29T18:37:08.413Z :*.freenode.net 354 hober 743 #ubuntu snadge freenode-i9thjt.5q6o.i37e.eh18d1.IP Guest40892 Hs 0 0 :Dave
--> silent event whox
SERVER : @time=2023-11-29T18:37:08.413Z :*.freenode.net 354 hober 743 #ubuntu ~UserOO7 freenode-bte.oqg.lg1s41.IP UserOO7 Gs 0 0 :UserOO7
--> silent event whox
SERVER : @time=2023-11-29T18:37:08.413Z :*.freenode.net 354 hober 743 #ubuntu tabakhase freenode-rr8.car.bbditc.IP tabakhase Hs 0 0 :Christian Tabakhase Hackmann
--> silent event whox
SERVER : @time=2023-11-29T18:37:08.413Z :*.freenode.net 354 hober 743 #ubuntu ~jsw freenode-2piapm.5p7r.jmos.rrhag0.IP AMAG G 0 0 :Jeff Wheeler
--> silent event whox
SERVER : @time=2023-11-29T18:37:08.413Z :*.freenode.net 354 hober 743 #ubuntu ~dave freenode-pmf.0ul.a9b62b.IP dave2F Gs 0 0 :dave
--> silent event whox
SERVER : @time=2023-11-29T18:37:08.413Z :*.freenode.net 354 hober 743 #ubuntu ~xMopx freenode-3s8.nk6.hudfol.IP xMopx H 0 0 :xMopx
--> silent event whox
SERVER : @time=2023-11-29T18:37:08.413Z :*.freenode.net 354 hober 743 #ubuntu ~mgor freenode-pg7.um1.hjlbaa.IP mgor Hs 0 0 :mgor
--> silent event whox
SERVER : @time=2023-11-29T18:37:08.413Z :*.freenode.net 354 hober 743 #ubuntu ~IRC-nERDs irc-nerds.relay nR H@s 0 nr :IRC-nERDs PyLink Service Client
--> silent event whox
SERVER : @time=2023-11-29T18:37:08.413Z :*.freenode.net 354 hober 743 #ubuntu ~ogra_ freenode-bl9iu2.nm7k.i5sa.fah2pm.IP ogra_ G 0 0 :Oliver Grawert
--> silent event whox
SERVER : @time=2023-11-29T18:37:08.413Z :*.freenode.net 354 hober 743 #ubuntu ~abc freenode/user/ayebeesee ayebeesee Hs 0 ayebeesee :not-telling
--> silent event whox
SERVER : @time=2023-11-29T18:37:08.413Z :*.freenode.net 354 hober 743 #ubuntu ~adam freenode-hn2gg7.9vv2.dng0.iho72g.IP somtalgutoo H 0 0 :purple
--> silent event whox
SERVER : @time=2023-11-29T18:37:08.413Z :*.freenode.net 354 hober 743 #ubuntu ~codegyver freenode-kfe.0oo.p4lmut.IP codegyver Hs 0 0 :Adam
--> silent event whox
SERVER : @time=2023-11-29T18:37:08.413Z :*.freenode.net 354 hober 743 #ubuntu ~raj freenode/user/raj raj Hs 0 raj :Raj
--> silent event whox
SERVER : @time=2023-11-29T18:37:08.413Z :*.freenode.net 354 hober 743 #ubuntu ~quassel freenode-gpe.alg.bo7o0k.IP mTeK Hs 0 0 :Matthew Midgett,,,
--> silent event whox
SERVER : @time=2023-11-29T18:37:08.413Z :*.freenode.net 354 hober 743 #ubuntu znc freenode-on1rig.monm.9alj.q4asrn.IP ws2k3 Gs 0 0 :ZNC - https://znc.in
--> silent event whox
SERVER : @time=2023-11-29T18:37:08.413Z :*.freenode.net 354 hober 743 #ubuntu ~aym freenode-a9s.add.a00o2q.IP aym H 0 0 :aym__
--> silent event whox
SERVER : @time=2023-11-29T18:37:08.413Z :*.freenode.net 354 hober 743 #ubuntu services services.freenode.net ChanServ H@B 0 0 :Channel Registration Service
--> silent event whox
SERVER : @time=2023-11-29T18:37:08.413Z :*.freenode.net 354 hober 743 #ubuntu ~ircrox freenode-cr4b40.7lrk.7bru.1hc863.IP Glorfindel Hs 0 Glorfindel :rEaL nAmE
--> silent event whox
SERVER : @time=2023-11-29T18:37:08.413Z :*.freenode.net 354 hober 743 #ubuntu ~seveas freenode-n8m.boo.0l3r7a.IP Seveas H 0 0 :Dennis Kaarsemaker
--> silent event whox
SERVER : @time=2023-11-29T18:37:08.413Z :*.freenode.net 354 hober 743 #ubuntu ~noah freenode-801.d8q.hudfol.IP n0ah Gs 0 0 :this is noah
--> silent event whox
SERVER : @time=2023-11-29T18:37:08.413Z :*.freenode.net 354 hober 743 #ubuntu ~quassel freenode-273.us0.hkq027.IP Christian_Qs H 0 0 :Christian Pacher
--> silent event whox
SERVER : @time=2023-11-29T18:37:08.413Z :*.freenode.net 354 hober 743 #ubuntu ~derek freenode-6tu.abk.vrogin.IP moonk1 H 0 0 :derek
--> silent event whox
SERVER : @time=2023-11-29T18:37:08.413Z :*.freenode.net 354 hober 743 #ubuntu ~sjr freenode-mg4.int.40j6un.IP SJr Hs 0 0 :Steve
--> silent event whox
SERVER : @time=2023-11-29T18:37:08.413Z :*.freenode.net 354 hober 743 #ubuntu russ freenode-gkf.kit.8753gp.IP PickledEggs H 0 0 :PickledEggs
--> silent event whox
SERVER : @time=2023-11-29T18:37:08.413Z :*.freenode.net 354 hober 743 #ubuntu ~geheimnis freenode-r5u.7mq.c47h4a.IP geheimnis` H 0 0 :geheimnis
--> silent event whox
SERVER : @time=2023-11-29T18:37:08.413Z :*.freenode.net 354 hober 743 #ubuntu ~quassel freenode-sn0.6gk.hpr3qv.IP koo5 Hs 0 0 :koom,,,
--> silent event whox
SERVER : @time=2023-11-29T18:37:08.413Z :*.freenode.net 354 hober 743 #ubuntu ~Nukien2 freenode-su8.d08.ulg4h9.IP 208BC3T0Q Gs 0 0 :Got ZNC?
--> silent event whox
SERVER : @time=2023-11-29T18:37:08.413Z :*.freenode.net 354 hober 743 #ubuntu ~muzer freenode-ujh.r38.n0jpoo.IP Muzer G 0 0 :Murray Colpman
--> silent event whox
SERVER : @time=2023-11-29T18:37:08.413Z :*.freenode.net 354 hober 743 #ubuntu ~franzer freenode-6p34ml.noip.14so.tofjal.IP franzer Gs 0 0 :ZNC - https://znc.in
--> silent event whox
SERVER : @time=2023-11-29T18:37:08.413Z :*.freenode.net 354 hober 743 #ubuntu ~znc I.like.alotta.food.on.my.plate interdome Gs 0 interdome :☠ 201337 ☠
--> silent event whox
SERVER : @time=2023-11-29T18:37:08.413Z :*.freenode.net 354 hober 743 #ubuntu ~otherone freenode-lkj.9qa.v5eqb4.IP Hoosilon H 0 Hoosilon :otherone
--> silent event whox
SERVER : @time=2023-11-29T18:37:08.413Z :*.freenode.net 354 hober 743 #ubuntu ~starz freenode/user/starz starz Gs 0 starz :15starz
--> silent event whox
SERVER : @time=2023-11-29T18:37:08.413Z :*.freenode.net 315 hober #ubuntu :End of /WHO list.
--> chanquery who end
<< MODE #ubuntu b
SERVER : @time=2023-11-29T18:37:10.927Z :*.freenode.net 367 hober #ubuntu *!*u0_a734@* karma.freenode.net :1650500182
--> chanquery ban
SERVER : @time=2023-11-29T18:37:10.927Z :*.freenode.net 367 hober #ubuntu *!*testtor@* karma.freenode.net :1650500182
--> chanquery ban
SERVER : @time=2023-11-29T18:37:10.927Z :*.freenode.net 367 hober #ubuntu *!*@joseon/user/dowry karma.freenode.net :1650500182
--> chanquery ban
SERVER : @time=2023-11-29T18:37:10.927Z :*.freenode.net 367 hober #ubuntu bingbang!*@* karma.freenode.net :1650500182
--> chanquery ban
SERVER : @time=2023-11-29T18:37:10.927Z :*.freenode.net 367 hober #ubuntu tree-node!*@* DarthOreo :1672844446
--> chanquery ban
SERVER : @time=2023-11-29T18:37:10.927Z :*.freenode.net 367 hober #ubuntu *!*mrinfinit@*.* DarthOreo :1674483877
--> chanquery ban
SERVER : @time=2023-11-29T18:37:10.927Z :*.freenode.net 367 hober #ubuntu *!*@freenode/user/vist nR :1690160577
--> chanquery ban
SERVER : @time=2023-11-29T18:37:10.927Z :*.freenode.net 368 hober #ubuntu :End of channel ban list
--> chanquery ban end
<< PRIVMSG #ubuntu :hello
SERVER : @time=2023-11-29T18:37:19.031Z :*.freenode.net 404 hober #ubuntu :You cannot send messages to this channel until you have been a member for 30 seconds.
<< QUIT :leaving
